<?xml version="1.0" encoding="UTF-8"?>
<!-- Generated by org.testng.reporters.JUnitXMLReporter -->
<testsuite ignored="6" hostname="LTIN508071" failures="0" tests="10" name="Test" time="218.389" errors="0" timestamp="2024-04-03T11:53:14 IST">
  <testcase classname="com.becognizant.testcases.Test1_homepage_Test" name="getInfo" time="65.831"/>
  <testcase classname="com.becognizant.testcases.Test1_homepage_Test" name="verifyOneCogni" time="15.376"/>
  <testcase classname="com.becognizant.testcases.Test2_onecPage_Test" name="navigate_outreach" time="18.988"/>
  <testcase classname="com.becognizant.testcases.Test3_outreachPage_Test" name="print_menu" time="10.14"/>
  <testcase classname="com.becognizant.testcases.Test3_outreachPage_Test" name="print_submenu" time="1.905"/>
  <testcase classname="com.becognizant.testcases.Test3_outreachPage_Test" name="print_interest" time="5.499"/>
  <testcase classname="com.becognizant.testcases.Test3_outreachPage_Test" name="validatesearch" time="40.054"/>
  <testcase classname="com.becognizant.testcases.Test3_outreachPage_Test" name="validatedate" time="33.351"/>
  <testcase classname="com.becognizant.testcases.Test3_outreachPage_Test" name="click_vol" time="0.918"/>
  <testcase classname="com.becognizant.testcases.Test3_outreachPage_Test" name="fetch_cards" time="10.476"/>
  <testcase classname="com.becognizant.testcases.BasicTest" name="@AfterTest tearDown" time="0.0">
    <ignored/>
  </testcase> <!-- @AfterTest tearDown -->
  <testcase classname="com.becognizant.testcases.BasicTest" name="@AfterTest tearDown" time="0.0">
    <ignored/>
  </testcase> <!-- @AfterTest tearDown -->
  <testcase classname="com.becognizant.testcases.BasicTest" name="@BeforeTest setup" time="0.0">
    <ignored/>
  </testcase> <!-- @BeforeTest setup -->
  <testcase classname="com.becognizant.testcases.BasicTest" name="@BeforeTest setup" time="0.0">
    <ignored/>
  </testcase> <!-- @BeforeTest setup -->
  <testcase classname="com.becognizant.testcases.BasicTest" name="@AfterTest tearDown" time="0.0">
    <ignored/>
  </testcase> <!-- @AfterTest tearDown -->
  <testcase classname="com.becognizant.testcases.BasicTest" name="@BeforeTest setup" time="0.0">
    <ignored/>
  </testcase> <!-- @BeforeTest setup -->
</testsuite> <!-- Test -->
